Determining if the include file stdint.h exists failed with the following output:
Change Dir: D:/Sim_Devel/svn/openrails/Source/3rdPartyLibs/openal-soft/build/CMakeFiles/CMakeTmp

Run Build Command:C:\PROGRA~2\MICROS~2.0\Common7\IDE\VCExpress.exe CMAKE_TRY_COMPILE.sln /build Debug /project cmTryCompileExec657878172

Microsoft (R) Visual C++ Express Edition Version 9.0.30729.1.
Copyright (C) Microsoft Corp 2007. All rights reserved.
1>------ Build started: Project: cmTryCompileExec657878172, Configuration: Debug Win32 ------
1>Compiling...
1>Microsoft (R) 32-bit C/C++ Optimizing Compiler Version 15.00.30729.01 for 80x86
1>Copyright (C) Microsoft Corporation.  All rights reserved.
1>cl /Od /D "WIN32" /D "_WINDOWS" /D "_DEBUG" /D "CMAKE_INTDIR=\"Debug\"" /D "_MBCS" /FD /RTC1 /MDd /Fo"cmTryCompileExec657878172.dir\Debug\\" /Fd"D:\Sim_Devel\svn\openrails\Source\3rdPartyLibs\openal-soft\build\CMakeFiles\CMakeTmp\Debug/cmTryCompileExec657878172.pdb" /W3 /c /Zi /TC ".\CheckIncludeFile.c"
1>CheckIncludeFile.c
1>.\CheckIncludeFile.c(1) : fatal error C1083: Cannot open include file: 'stdint.h': No such file or directory
1>Build log was saved at "file://d:\Sim_Devel\svn\openrails\Source\3rdPartyLibs\openal-soft\build\CMakeFiles\CMakeTmp\cmTryCompileExec657878172.dir\Debug\BuildLog.htm"
1>cmTryCompileExec657878172 - 1 error(s), 0 warning(s)
========== Build: 0 succeeded, 1 failed, 0 up-to-date, 0 skipped ==========


Performing C SOURCE FILE Test HAVE_RESTRICT failed with the following output:
Change Dir: D:/Sim_Devel/svn/openrails/Source/3rdPartyLibs/openal-soft/build/CMakeFiles/CMakeTmp

Run Build Command:C:\PROGRA~2\MICROS~2.0\Common7\IDE\VCExpress.exe CMAKE_TRY_COMPILE.sln /build Debug /project cmTryCompileExec3285580388

Microsoft (R) Visual C++ Express Edition Version 9.0.30729.1.
Copyright (C) Microsoft Corp 2007. All rights reserved.
1>------ Build started: Project: cmTryCompileExec3285580388, Configuration: Debug Win32 ------
1>Compiling...
1>Microsoft (R) 32-bit C/C++ Optimizing Compiler Version 15.00.30729.01 for 80x86
1>Copyright (C) Microsoft Corporation.  All rights reserved.
1>cl /Od /D "WIN32" /D "_WINDOWS" /D "HAVE_RESTRICT" /D "_DEBUG" /D "CMAKE_INTDIR=\"Debug\"" /D "_MBCS" /FD /RTC1 /MDd /Fo"cmTryCompileExec3285580388.dir\Debug\\" /Fd"D:\Sim_Devel\svn\openrails\Source\3rdPartyLibs\openal-soft\build\CMakeFiles\CMakeTmp\Debug/cmTryCompileExec3285580388.pdb" /W3 /c /Zi /TC ".\src.c"
1>src.c
1>.\src.c(1) : error C2061: syntax error : identifier 'foo'
1>.\src.c(1) : error C2059: syntax error : ';'
1>Build log was saved at "file://d:\Sim_Devel\svn\openrails\Source\3rdPartyLibs\openal-soft\build\CMakeFiles\CMakeTmp\cmTryCompileExec3285580388.dir\Debug\BuildLog.htm"
1>cmTryCompileExec3285580388 - 2 error(s), 0 warning(s)
========== Build: 0 succeeded, 1 failed, 0 up-to-date, 0 skipped ==========

Source file was:
int *restrict foo;
                         int main() {return 0;}
Performing C SOURCE FILE Test HAVE_GCC_FORMAT failed with the following output:
Change Dir: D:/Sim_Devel/svn/openrails/Source/3rdPartyLibs/openal-soft/build/CMakeFiles/CMakeTmp

Run Build Command:C:\PROGRA~2\MICROS~2.0\Common7\IDE\VCExpress.exe CMAKE_TRY_COMPILE.sln /build Debug /project cmTryCompileExec848341706

Microsoft (R) Visual C++ Express Edition Version 9.0.30729.1.
Copyright (C) Microsoft Corp 2007. All rights reserved.
1>------ Build started: Project: cmTryCompileExec848341706, Configuration: Debug Win32 ------
1>Compiling...
1>Microsoft (R) 32-bit C/C++ Optimizing Compiler Version 15.00.30729.01 for 80x86
1>Copyright (C) Microsoft Corporation.  All rights reserved.
1>cl /Od /I "C:\Program Files (x86)\Microsoft DirectX SDK (August 2009)\Include" /D "WIN32" /D "_WINDOWS" /D "HAVE_GCC_FORMAT" /D "_DEBUG" /D "CMAKE_INTDIR=\"Debug\"" /D "_MBCS" /FD /RTC1 /MDd /Fo"cmTryCompileExec848341706.dir\Debug\\" /Fd"D:\Sim_Devel\svn\openrails\Source\3rdPartyLibs\openal-soft\build\CMakeFiles\CMakeTmp\Debug/cmTryCompileExec848341706.pdb" /W3 /c /Zi /TC ".\src.c"
1>src.c
1>.\src.c(1) : error C2061: syntax error : identifier '__attribute__'
1>.\src.c(1) : error C2059: syntax error : ';'
1>.\src.c(1) : error C2059: syntax error : ','
1>.\src.c(1) : error C2143: syntax error : missing ')' before 'constant'
1>.\src.c(1) : error C2143: syntax error : missing ')' before 'constant'
1>Build log was saved at "file://d:\Sim_Devel\svn\openrails\Source\3rdPartyLibs\openal-soft\build\CMakeFiles\CMakeTmp\cmTryCompileExec848341706.dir\Debug\BuildLog.htm"
1>cmTryCompileExec848341706 - 5 error(s), 0 warning(s)
========== Build: 0 succeeded, 1 failed, 0 up-to-date, 0 skipped ==========

Source file was:
int foo(const char *str, ...) __attribute__((format(printf, 1, 2)));
                         int main() {return 0;}
Determining if the include file cpuid.h exists failed with the following output:
Change Dir: D:/Sim_Devel/svn/openrails/Source/3rdPartyLibs/openal-soft/build/CMakeFiles/CMakeTmp

Run Build Command:C:\PROGRA~2\MICROS~2.0\Common7\IDE\VCExpress.exe CMAKE_TRY_COMPILE.sln /build Debug /project cmTryCompileExec4103558005

Microsoft (R) Visual C++ Express Edition Version 9.0.30729.1.
Copyright (C) Microsoft Corp 2007. All rights reserved.
1>------ Build started: Project: cmTryCompileExec4103558005, Configuration: Debug Win32 ------
1>Compiling...
1>Microsoft (R) 32-bit C/C++ Optimizing Compiler Version 15.00.30729.01 for 80x86
1>Copyright (C) Microsoft Corporation.  All rights reserved.
1>cl /Od /I "C:\Program Files (x86)\Microsoft DirectX SDK (August 2009)\Include" /D "WIN32" /D "_WINDOWS" /D "_DEBUG" /D "CMAKE_INTDIR=\"Debug\"" /D "_MBCS" /FD /RTC1 /MDd /Fo"cmTryCompileExec4103558005.dir\Debug\\" /Fd"D:\Sim_Devel\svn\openrails\Source\3rdPartyLibs\openal-soft\build\CMakeFiles\CMakeTmp\Debug/cmTryCompileExec4103558005.pdb" /W3 /c /Zi /TC ".\CheckIncludeFile.c"
1>CheckIncludeFile.c
1>.\CheckIncludeFile.c(1) : fatal error C1083: Cannot open include file: 'cpuid.h': No such file or directory
1>Build log was saved at "file://d:\Sim_Devel\svn\openrails\Source\3rdPartyLibs\openal-soft\build\CMakeFiles\CMakeTmp\cmTryCompileExec4103558005.dir\Debug\BuildLog.htm"
1>cmTryCompileExec4103558005 - 1 error(s), 0 warning(s)
========== Build: 0 succeeded, 1 failed, 0 up-to-date, 0 skipped ==========


Determining if the include file fenv.h exists failed with the following output:
Change Dir: D:/Sim_Devel/svn/openrails/Source/3rdPartyLibs/openal-soft/build/CMakeFiles/CMakeTmp

Run Build Command:C:\PROGRA~2\MICROS~2.0\Common7\IDE\VCExpress.exe CMAKE_TRY_COMPILE.sln /build Debug /project cmTryCompileExec3144279532

Microsoft (R) Visual C++ Express Edition Version 9.0.30729.1.
Copyright (C) Microsoft Corp 2007. All rights reserved.
1>------ Build started: Project: cmTryCompileExec3144279532, Configuration: Debug Win32 ------
1>Compiling...
1>Microsoft (R) 32-bit C/C++ Optimizing Compiler Version 15.00.30729.01 for 80x86
1>Copyright (C) Microsoft Corporation.  All rights reserved.
1>cl /Od /I "C:\Program Files (x86)\Microsoft DirectX SDK (August 2009)\Include" /D "WIN32" /D "_WINDOWS" /D "_DEBUG" /D "CMAKE_INTDIR=\"Debug\"" /D "_MBCS" /FD /RTC1 /MDd /Fo"cmTryCompileExec3144279532.dir\Debug\\" /Fd"D:\Sim_Devel\svn\openrails\Source\3rdPartyLibs\openal-soft\build\CMakeFiles\CMakeTmp\Debug/cmTryCompileExec3144279532.pdb" /W3 /c /Zi /TC ".\CheckIncludeFile.c"
1>CheckIncludeFile.c
1>.\CheckIncludeFile.c(1) : fatal error C1083: Cannot open include file: 'fenv.h': No such file or directory
1>Build log was saved at "file://d:\Sim_Devel\svn\openrails\Source\3rdPartyLibs\openal-soft\build\CMakeFiles\CMakeTmp\cmTryCompileExec3144279532.dir\Debug\BuildLog.htm"
1>cmTryCompileExec3144279532 - 1 error(s), 0 warning(s)
========== Build: 0 succeeded, 1 failed, 0 up-to-date, 0 skipped ==========


Determining if the include file ieeefp.h exists failed with the following output:
Change Dir: D:/Sim_Devel/svn/openrails/Source/3rdPartyLibs/openal-soft/build/CMakeFiles/CMakeTmp

Run Build Command:C:\PROGRA~2\MICROS~2.0\Common7\IDE\VCExpress.exe CMAKE_TRY_COMPILE.sln /build Debug /project cmTryCompileExec167618052

Microsoft (R) Visual C++ Express Edition Version 9.0.30729.1.
Copyright (C) Microsoft Corp 2007. All rights reserved.
1>------ Build started: Project: cmTryCompileExec167618052, Configuration: Debug Win32 ------
1>Compiling...
1>Microsoft (R) 32-bit C/C++ Optimizing Compiler Version 15.00.30729.01 for 80x86
1>Copyright (C) Microsoft Corporation.  All rights reserved.
1>cl /Od /I "C:\Program Files (x86)\Microsoft DirectX SDK (August 2009)\Include" /D "WIN32" /D "_WINDOWS" /D "_DEBUG" /D "CMAKE_INTDIR=\"Debug\"" /D "_MBCS" /FD /RTC1 /MDd /Fo"cmTryCompileExec167618052.dir\Debug\\" /Fd"D:\Sim_Devel\svn\openrails\Source\3rdPartyLibs\openal-soft\build\CMakeFiles\CMakeTmp\Debug/cmTryCompileExec167618052.pdb" /W3 /c /Zi /TC ".\CheckIncludeFile.c"
1>CheckIncludeFile.c
1>.\CheckIncludeFile.c(1) : fatal error C1083: Cannot open include file: 'ieeefp.h': No such file or directory
1>Build log was saved at "file://d:\Sim_Devel\svn\openrails\Source\3rdPartyLibs\openal-soft\build\CMakeFiles\CMakeTmp\cmTryCompileExec167618052.dir\Debug\BuildLog.htm"
1>cmTryCompileExec167618052 - 1 error(s), 0 warning(s)
========== Build: 0 succeeded, 1 failed, 0 up-to-date, 0 skipped ==========


Determining if the function pow exists in the m failed with the following output:
Change Dir: D:/Sim_Devel/svn/openrails/Source/3rdPartyLibs/openal-soft/build/CMakeFiles/CMakeTmp

Run Build Command:C:\PROGRA~2\MICROS~2.0\Common7\IDE\VCExpress.exe CMAKE_TRY_COMPILE.sln /build Debug /project cmTryCompileExec3876278082

Microsoft (R) Visual C++ Express Edition Version 9.0.30729.1.
Copyright (C) Microsoft Corp 2007. All rights reserved.
1>------ Build started: Project: cmTryCompileExec3876278082, Configuration: Debug Win32 ------
1>Compiling...
1>Microsoft (R) 32-bit C/C++ Optimizing Compiler Version 15.00.30729.01 for 80x86
1>Copyright (C) Microsoft Corporation.  All rights reserved.
1>cl /Od /D "WIN32" /D "_WINDOWS" /D "CHECK_FUNCTION_EXISTS=pow" /D "_DEBUG" /D "CMAKE_INTDIR=\"Debug\"" /D "_MBCS" /FD /RTC1 /MDd /Fo"cmTryCompileExec3876278082.dir\Debug\\" /Fd"D:\Sim_Devel\svn\openrails\Source\3rdPartyLibs\openal-soft\build\CMakeFiles\CMakeTmp\Debug/cmTryCompileExec3876278082.pdb" /W3 /c /Zi /TC "C:\Program Files (x86)\CMake 2.8\share\cmake-2.8\Modules\CheckFunctionExists.c"
1>CheckFunctionExists.c
1>Compiling manifest to resources...
1>Microsoft (R) Windows (R) Resource Compiler Version 6.1.6723.1
1>Copyright (C) Microsoft Corporation.  All rights reserved.
1>Linking...
1>LINK : fatal error LNK1104: cannot open file 'm.lib'
1>Build log was saved at "file://d:\Sim_Devel\svn\openrails\Source\3rdPartyLibs\openal-soft\build\CMakeFiles\CMakeTmp\cmTryCompileExec3876278082.dir\Debug\BuildLog.htm"
1>cmTryCompileExec3876278082 - 1 error(s), 0 warning(s)
========== Build: 0 succeeded, 1 failed, 0 up-to-date, 0 skipped ==========


Determining if the aligned_alloc exist failed with the following output:
Change Dir: D:/Sim_Devel/svn/openrails/Source/3rdPartyLibs/openal-soft/build/CMakeFiles/CMakeTmp

Run Build Command:C:\PROGRA~2\MICROS~2.0\Common7\IDE\VCExpress.exe CMAKE_TRY_COMPILE.sln /build Debug /project cmTryCompileExec2396761564

Microsoft (R) Visual C++ Express Edition Version 9.0.30729.1.
Copyright (C) Microsoft Corp 2007. All rights reserved.
1>------ Build started: Project: cmTryCompileExec2396761564, Configuration: Debug Win32 ------
1>Compiling...
1>Microsoft (R) 32-bit C/C++ Optimizing Compiler Version 15.00.30729.01 for 80x86
1>Copyright (C) Microsoft Corporation.  All rights reserved.
1>cl /Od /I "C:\Program Files (x86)\Microsoft DirectX SDK (August 2009)\Include" /D "WIN32" /D "_WINDOWS" /D "_DEBUG" /D "CMAKE_INTDIR=\"Debug\"" /D "_MBCS" /FD /RTC1 /MDd /Fo"cmTryCompileExec2396761564.dir\Debug\\" /Fd"D:\Sim_Devel\svn\openrails\Source\3rdPartyLibs\openal-soft\build\CMakeFiles\CMakeTmp\Debug/cmTryCompileExec2396761564.pdb" /W3 /c /Zi /TC ".\CheckSymbolExists.c"
1>CheckSymbolExists.c
1>.\CheckSymbolExists.c(8) : error C2065: 'aligned_alloc' : undeclared identifier
1>Build log was saved at "file://d:\Sim_Devel\svn\openrails\Source\3rdPartyLibs\openal-soft\build\CMakeFiles\CMakeTmp\cmTryCompileExec2396761564.dir\Debug\BuildLog.htm"
1>cmTryCompileExec2396761564 - 1 error(s), 0 warning(s)
========== Build: 0 succeeded, 1 failed, 0 up-to-date, 0 skipped ==========

File D:/Sim_Devel/svn/openrails/Source/3rdPartyLibs/openal-soft/build/CMakeFiles/CMakeTmp/CheckSymbolExists.c:
/* */
#include <stdlib.h>

int main(int argc, char** argv)
{
  (void)argv;
#ifndef aligned_alloc
  return ((int*)(&aligned_alloc))[argc];
#else
  (void)argc;
  return 0;
#endif
}

Determining if the posix_memalign exist failed with the following output:
Change Dir: D:/Sim_Devel/svn/openrails/Source/3rdPartyLibs/openal-soft/build/CMakeFiles/CMakeTmp

Run Build Command:C:\PROGRA~2\MICROS~2.0\Common7\IDE\VCExpress.exe CMAKE_TRY_COMPILE.sln /build Debug /project cmTryCompileExec755989855

Microsoft (R) Visual C++ Express Edition Version 9.0.30729.1.
Copyright (C) Microsoft Corp 2007. All rights reserved.
1>------ Build started: Project: cmTryCompileExec755989855, Configuration: Debug Win32 ------
1>Compiling...
1>Microsoft (R) 32-bit C/C++ Optimizing Compiler Version 15.00.30729.01 for 80x86
1>Copyright (C) Microsoft Corporation.  All rights reserved.
1>cl /Od /I "C:\Program Files (x86)\Microsoft DirectX SDK (August 2009)\Include" /D "WIN32" /D "_WINDOWS" /D "_DEBUG" /D "CMAKE_INTDIR=\"Debug\"" /D "_MBCS" /FD /RTC1 /MDd /Fo"cmTryCompileExec755989855.dir\Debug\\" /Fd"D:\Sim_Devel\svn\openrails\Source\3rdPartyLibs\openal-soft\build\CMakeFiles\CMakeTmp\Debug/cmTryCompileExec755989855.pdb" /W3 /c /Zi /TC ".\CheckSymbolExists.c"
1>CheckSymbolExists.c
1>.\CheckSymbolExists.c(8) : error C2065: 'posix_memalign' : undeclared identifier
1>Build log was saved at "file://d:\Sim_Devel\svn\openrails\Source\3rdPartyLibs\openal-soft\build\CMakeFiles\CMakeTmp\cmTryCompileExec755989855.dir\Debug\BuildLog.htm"
1>cmTryCompileExec755989855 - 1 error(s), 0 warning(s)
========== Build: 0 succeeded, 1 failed, 0 up-to-date, 0 skipped ==========

File D:/Sim_Devel/svn/openrails/Source/3rdPartyLibs/openal-soft/build/CMakeFiles/CMakeTmp/CheckSymbolExists.c:
/* */
#include <stdlib.h>

int main(int argc, char** argv)
{
  (void)argv;
#ifndef posix_memalign
  return ((int*)(&posix_memalign))[argc];
#else
  (void)argc;
  return 0;
#endif
}

Determining if the lrintf exist failed with the following output:
Change Dir: D:/Sim_Devel/svn/openrails/Source/3rdPartyLibs/openal-soft/build/CMakeFiles/CMakeTmp

Run Build Command:C:\PROGRA~2\MICROS~2.0\Common7\IDE\VCExpress.exe CMAKE_TRY_COMPILE.sln /build Debug /project cmTryCompileExec559213602

Microsoft (R) Visual C++ Express Edition Version 9.0.30729.1.
Copyright (C) Microsoft Corp 2007. All rights reserved.
1>------ Build started: Project: cmTryCompileExec559213602, Configuration: Debug Win32 ------
1>Compiling...
1>Microsoft (R) 32-bit C/C++ Optimizing Compiler Version 15.00.30729.01 for 80x86
1>Copyright (C) Microsoft Corporation.  All rights reserved.
1>cl /Od /I "C:\Program Files (x86)\Microsoft DirectX SDK (August 2009)\Include" /D "WIN32" /D "_WINDOWS" /D "_DEBUG" /D "CMAKE_INTDIR=\"Debug\"" /D "_MBCS" /FD /RTC1 /MDd /Fo"cmTryCompileExec559213602.dir\Debug\\" /Fd"D:\Sim_Devel\svn\openrails\Source\3rdPartyLibs\openal-soft\build\CMakeFiles\CMakeTmp\Debug/cmTryCompileExec559213602.pdb" /W3 /c /Zi /TC ".\CheckSymbolExists.c"
1>CheckSymbolExists.c
1>.\CheckSymbolExists.c(8) : error C2065: 'lrintf' : undeclared identifier
1>Build log was saved at "file://d:\Sim_Devel\svn\openrails\Source\3rdPartyLibs\openal-soft\build\CMakeFiles\CMakeTmp\cmTryCompileExec559213602.dir\Debug\BuildLog.htm"
1>cmTryCompileExec559213602 - 1 error(s), 0 warning(s)
========== Build: 0 succeeded, 1 failed, 0 up-to-date, 0 skipped ==========

File D:/Sim_Devel/svn/openrails/Source/3rdPartyLibs/openal-soft/build/CMakeFiles/CMakeTmp/CheckSymbolExists.c:
/* */
#include <math.h>

int main(int argc, char** argv)
{
  (void)argv;
#ifndef lrintf
  return ((int*)(&lrintf))[argc];
#else
  (void)argc;
  return 0;
#endif
}

Determining if the function strtof exists failed with the following output:
Change Dir: D:/Sim_Devel/svn/openrails/Source/3rdPartyLibs/openal-soft/build/CMakeFiles/CMakeTmp

Run Build Command:C:\PROGRA~2\MICROS~2.0\Common7\IDE\VCExpress.exe CMAKE_TRY_COMPILE.sln /build Debug /project cmTryCompileExec1037893875

Microsoft (R) Visual C++ Express Edition Version 9.0.30729.1.
Copyright (C) Microsoft Corp 2007. All rights reserved.
1>------ Build started: Project: cmTryCompileExec1037893875, Configuration: Debug Win32 ------
1>Compiling...
1>Microsoft (R) 32-bit C/C++ Optimizing Compiler Version 15.00.30729.01 for 80x86
1>Copyright (C) Microsoft Corporation.  All rights reserved.
1>cl /Od /I "C:\Program Files (x86)\Microsoft DirectX SDK (August 2009)\Include" /D "WIN32" /D "_WINDOWS" /D "CHECK_FUNCTION_EXISTS=strtof" /D "_DEBUG" /D "CMAKE_INTDIR=\"Debug\"" /D "_MBCS" /FD /RTC1 /MDd /Fo"cmTryCompileExec1037893875.dir\Debug\\" /Fd"D:\Sim_Devel\svn\openrails\Source\3rdPartyLibs\openal-soft\build\CMakeFiles\CMakeTmp\Debug/cmTryCompileExec1037893875.pdb" /W3 /c /Zi /TC "C:\Program Files (x86)\CMake 2.8\share\cmake-2.8\Modules\CheckFunctionExists.c"
1>CheckFunctionExists.c
1>Compiling manifest to resources...
1>Microsoft (R) Windows (R) Resource Compiler Version 6.1.6723.1
1>Copyright (C) Microsoft Corporation.  All rights reserved.
1>Linking...
1>CheckFunctionExists.obj : error LNK2019: unresolved external symbol _strtof referenced in function _main
1>D:\Sim_Devel\svn\openrails\Source\3rdPartyLibs\openal-soft\build\CMakeFiles\CMakeTmp\Debug\cmTryCompileExec1037893875.exe : fatal error LNK1120: 1 unresolved externals
1>Build log was saved at "file://d:\Sim_Devel\svn\openrails\Source\3rdPartyLibs\openal-soft\build\CMakeFiles\CMakeTmp\cmTryCompileExec1037893875.dir\Debug\BuildLog.htm"
1>cmTryCompileExec1037893875 - 2 error(s), 0 warning(s)
========== Build: 0 succeeded, 1 failed, 0 up-to-date, 0 skipped ==========


Determining if the function strcasecmp exists failed with the following output:
Change Dir: D:/Sim_Devel/svn/openrails/Source/3rdPartyLibs/openal-soft/build/CMakeFiles/CMakeTmp

Run Build Command:C:\PROGRA~2\MICROS~2.0\Common7\IDE\VCExpress.exe CMAKE_TRY_COMPILE.sln /build Debug /project cmTryCompileExec204586768

Microsoft (R) Visual C++ Express Edition Version 9.0.30729.1.
Copyright (C) Microsoft Corp 2007. All rights reserved.
1>------ Build started: Project: cmTryCompileExec204586768, Configuration: Debug Win32 ------
1>Compiling...
1>Microsoft (R) 32-bit C/C++ Optimizing Compiler Version 15.00.30729.01 for 80x86
1>Copyright (C) Microsoft Corporation.  All rights reserved.
1>cl /Od /I "C:\Program Files (x86)\Microsoft DirectX SDK (August 2009)\Include" /D "WIN32" /D "_WINDOWS" /D "CHECK_FUNCTION_EXISTS=strcasecmp" /D "_DEBUG" /D "CMAKE_INTDIR=\"Debug\"" /D "_MBCS" /FD /RTC1 /MDd /Fo"cmTryCompileExec204586768.dir\Debug\\" /Fd"D:\Sim_Devel\svn\openrails\Source\3rdPartyLibs\openal-soft\build\CMakeFiles\CMakeTmp\Debug/cmTryCompileExec204586768.pdb" /W3 /c /Zi /TC "C:\Program Files (x86)\CMake 2.8\share\cmake-2.8\Modules\CheckFunctionExists.c"
1>CheckFunctionExists.c
1>Compiling manifest to resources...
1>Microsoft (R) Windows (R) Resource Compiler Version 6.1.6723.1
1>Copyright (C) Microsoft Corporation.  All rights reserved.
1>Linking...
1>CheckFunctionExists.obj : error LNK2019: unresolved external symbol _strcasecmp referenced in function _main
1>D:\Sim_Devel\svn\openrails\Source\3rdPartyLibs\openal-soft\build\CMakeFiles\CMakeTmp\Debug\cmTryCompileExec204586768.exe : fatal error LNK1120: 1 unresolved externals
1>Build log was saved at "file://d:\Sim_Devel\svn\openrails\Source\3rdPartyLibs\openal-soft\build\CMakeFiles\CMakeTmp\cmTryCompileExec204586768.dir\Debug\BuildLog.htm"
1>cmTryCompileExec204586768 - 2 error(s), 0 warning(s)
========== Build: 0 succeeded, 1 failed, 0 up-to-date, 0 skipped ==========


Determining if the function strncasecmp exists failed with the following output:
Change Dir: D:/Sim_Devel/svn/openrails/Source/3rdPartyLibs/openal-soft/build/CMakeFiles/CMakeTmp

Run Build Command:C:\PROGRA~2\MICROS~2.0\Common7\IDE\VCExpress.exe CMAKE_TRY_COMPILE.sln /build Debug /project cmTryCompileExec233113056

Microsoft (R) Visual C++ Express Edition Version 9.0.30729.1.
Copyright (C) Microsoft Corp 2007. All rights reserved.
1>------ Build started: Project: cmTryCompileExec233113056, Configuration: Debug Win32 ------
1>Compiling...
1>Microsoft (R) 32-bit C/C++ Optimizing Compiler Version 15.00.30729.01 for 80x86
1>Copyright (C) Microsoft Corporation.  All rights reserved.
1>cl /Od /I "C:\Program Files (x86)\Microsoft DirectX SDK (August 2009)\Include" /D "WIN32" /D "_WINDOWS" /D "CHECK_FUNCTION_EXISTS=strncasecmp" /D "_DEBUG" /D "CMAKE_INTDIR=\"Debug\"" /D "_MBCS" /FD /RTC1 /MDd /Fo"cmTryCompileExec233113056.dir\Debug\\" /Fd"D:\Sim_Devel\svn\openrails\Source\3rdPartyLibs\openal-soft\build\CMakeFiles\CMakeTmp\Debug/cmTryCompileExec233113056.pdb" /W3 /c /Zi /TC "C:\Program Files (x86)\CMake 2.8\share\cmake-2.8\Modules\CheckFunctionExists.c"
1>CheckFunctionExists.c
1>Compiling manifest to resources...
1>Microsoft (R) Windows (R) Resource Compiler Version 6.1.6723.1
1>Copyright (C) Microsoft Corporation.  All rights reserved.
1>Linking...
1>CheckFunctionExists.obj : error LNK2019: unresolved external symbol _strncasecmp referenced in function _main
1>D:\Sim_Devel\svn\openrails\Source\3rdPartyLibs\openal-soft\build\CMakeFiles\CMakeTmp\Debug\cmTryCompileExec233113056.exe : fatal error LNK1120: 1 unresolved externals
1>Build log was saved at "file://d:\Sim_Devel\svn\openrails\Source\3rdPartyLibs\openal-soft\build\CMakeFiles\CMakeTmp\cmTryCompileExec233113056.dir\Debug\BuildLog.htm"
1>cmTryCompileExec233113056 - 2 error(s), 0 warning(s)
========== Build: 0 succeeded, 1 failed, 0 up-to-date, 0 skipped ==========


Determining if the function snprintf exists failed with the following output:
Change Dir: D:/Sim_Devel/svn/openrails/Source/3rdPartyLibs/openal-soft/build/CMakeFiles/CMakeTmp

Run Build Command:C:\PROGRA~2\MICROS~2.0\Common7\IDE\VCExpress.exe CMAKE_TRY_COMPILE.sln /build Debug /project cmTryCompileExec3266415479

Microsoft (R) Visual C++ Express Edition Version 9.0.30729.1.
Copyright (C) Microsoft Corp 2007. All rights reserved.
1>------ Build started: Project: cmTryCompileExec3266415479, Configuration: Debug Win32 ------
1>Compiling...
1>Microsoft (R) 32-bit C/C++ Optimizing Compiler Version 15.00.30729.01 for 80x86
1>Copyright (C) Microsoft Corporation.  All rights reserved.
1>cl /Od /I "C:\Program Files (x86)\Microsoft DirectX SDK (August 2009)\Include" /D "WIN32" /D "_WINDOWS" /D "CHECK_FUNCTION_EXISTS=snprintf" /D "_DEBUG" /D "CMAKE_INTDIR=\"Debug\"" /D "_MBCS" /FD /RTC1 /MDd /Fo"cmTryCompileExec3266415479.dir\Debug\\" /Fd"D:\Sim_Devel\svn\openrails\Source\3rdPartyLibs\openal-soft\build\CMakeFiles\CMakeTmp\Debug/cmTryCompileExec3266415479.pdb" /W3 /c /Zi /TC "C:\Program Files (x86)\CMake 2.8\share\cmake-2.8\Modules\CheckFunctionExists.c"
1>CheckFunctionExists.c
1>Compiling manifest to resources...
1>Microsoft (R) Windows (R) Resource Compiler Version 6.1.6723.1
1>Copyright (C) Microsoft Corporation.  All rights reserved.
1>Linking...
1>CheckFunctionExists.obj : error LNK2019: unresolved external symbol _snprintf referenced in function _main
1>D:\Sim_Devel\svn\openrails\Source\3rdPartyLibs\openal-soft\build\CMakeFiles\CMakeTmp\Debug\cmTryCompileExec3266415479.exe : fatal error LNK1120: 1 unresolved externals
1>Build log was saved at "file://d:\Sim_Devel\svn\openrails\Source\3rdPartyLibs\openal-soft\build\CMakeFiles\CMakeTmp\cmTryCompileExec3266415479.dir\Debug\BuildLog.htm"
1>cmTryCompileExec3266415479 - 2 error(s), 0 warning(s)
========== Build: 0 succeeded, 1 failed, 0 up-to-date, 0 skipped ==========


Determining if the isfinite exist failed with the following output:
Change Dir: D:/Sim_Devel/svn/openrails/Source/3rdPartyLibs/openal-soft/build/CMakeFiles/CMakeTmp

Run Build Command:C:\PROGRA~2\MICROS~2.0\Common7\IDE\VCExpress.exe CMAKE_TRY_COMPILE.sln /build Debug /project cmTryCompileExec4288887760

Microsoft (R) Visual C++ Express Edition Version 9.0.30729.1.
Copyright (C) Microsoft Corp 2007. All rights reserved.
1>------ Build started: Project: cmTryCompileExec4288887760, Configuration: Debug Win32 ------
1>Compiling...
1>Microsoft (R) 32-bit C/C++ Optimizing Compiler Version 15.00.30729.01 for 80x86
1>Copyright (C) Microsoft Corporation.  All rights reserved.
1>cl /Od /I "C:\Program Files (x86)\Microsoft DirectX SDK (August 2009)\Include" /D "WIN32" /D "_WINDOWS" /D "_DEBUG" /D "CMAKE_INTDIR=\"Debug\"" /D "_MBCS" /FD /RTC1 /MDd /Fo"cmTryCompileExec4288887760.dir\Debug\\" /Fd"D:\Sim_Devel\svn\openrails\Source\3rdPartyLibs\openal-soft\build\CMakeFiles\CMakeTmp\Debug/cmTryCompileExec4288887760.pdb" /W3 /c /Zi /TC ".\CheckSymbolExists.c"
1>CheckSymbolExists.c
1>.\CheckSymbolExists.c(8) : error C2065: 'isfinite' : undeclared identifier
1>Build log was saved at "file://d:\Sim_Devel\svn\openrails\Source\3rdPartyLibs\openal-soft\build\CMakeFiles\CMakeTmp\cmTryCompileExec4288887760.dir\Debug\BuildLog.htm"
1>cmTryCompileExec4288887760 - 1 error(s), 0 warning(s)
========== Build: 0 succeeded, 1 failed, 0 up-to-date, 0 skipped ==========

File D:/Sim_Devel/svn/openrails/Source/3rdPartyLibs/openal-soft/build/CMakeFiles/CMakeTmp/CheckSymbolExists.c:
/* */
#include <math.h>

int main(int argc, char** argv)
{
  (void)argv;
#ifndef isfinite
  return ((int*)(&isfinite))[argc];
#else
  (void)argc;
  return 0;
#endif
}

Determining if the function finite exists failed with the following output:
Change Dir: D:/Sim_Devel/svn/openrails/Source/3rdPartyLibs/openal-soft/build/CMakeFiles/CMakeTmp

Run Build Command:C:\PROGRA~2\MICROS~2.0\Common7\IDE\VCExpress.exe CMAKE_TRY_COMPILE.sln /build Debug /project cmTryCompileExec2711719923

Microsoft (R) Visual C++ Express Edition Version 9.0.30729.1.
Copyright (C) Microsoft Corp 2007. All rights reserved.
1>------ Build started: Project: cmTryCompileExec2711719923, Configuration: Debug Win32 ------
1>Compiling...
1>Microsoft (R) 32-bit C/C++ Optimizing Compiler Version 15.00.30729.01 for 80x86
1>Copyright (C) Microsoft Corporation.  All rights reserved.
1>cl /Od /I "C:\Program Files (x86)\Microsoft DirectX SDK (August 2009)\Include" /D "WIN32" /D "_WINDOWS" /D "CHECK_FUNCTION_EXISTS=finite" /D "_DEBUG" /D "CMAKE_INTDIR=\"Debug\"" /D "_MBCS" /FD /RTC1 /MDd /Fo"cmTryCompileExec2711719923.dir\Debug\\" /Fd"D:\Sim_Devel\svn\openrails\Source\3rdPartyLibs\openal-soft\build\CMakeFiles\CMakeTmp\Debug/cmTryCompileExec2711719923.pdb" /W3 /c /Zi /TC "C:\Program Files (x86)\CMake 2.8\share\cmake-2.8\Modules\CheckFunctionExists.c"
1>CheckFunctionExists.c
1>Compiling manifest to resources...
1>Microsoft (R) Windows (R) Resource Compiler Version 6.1.6723.1
1>Copyright (C) Microsoft Corporation.  All rights reserved.
1>Linking...
1>CheckFunctionExists.obj : error LNK2019: unresolved external symbol _finite referenced in function _main
1>D:\Sim_Devel\svn\openrails\Source\3rdPartyLibs\openal-soft\build\CMakeFiles\CMakeTmp\Debug\cmTryCompileExec2711719923.exe : fatal error LNK1120: 1 unresolved externals
1>Build log was saved at "file://d:\Sim_Devel\svn\openrails\Source\3rdPartyLibs\openal-soft\build\CMakeFiles\CMakeTmp\cmTryCompileExec2711719923.dir\Debug\BuildLog.htm"
1>cmTryCompileExec2711719923 - 2 error(s), 0 warning(s)
========== Build: 0 succeeded, 1 failed, 0 up-to-date, 0 skipped ==========


Determining if the isnan exist failed with the following output:
Change Dir: D:/Sim_Devel/svn/openrails/Source/3rdPartyLibs/openal-soft/build/CMakeFiles/CMakeTmp

Run Build Command:C:\PROGRA~2\MICROS~2.0\Common7\IDE\VCExpress.exe CMAKE_TRY_COMPILE.sln /build Debug /project cmTryCompileExec1089878676

Microsoft (R) Visual C++ Express Edition Version 9.0.30729.1.
Copyright (C) Microsoft Corp 2007. All rights reserved.
1>------ Build started: Project: cmTryCompileExec1089878676, Configuration: Debug Win32 ------
1>Compiling...
1>Microsoft (R) 32-bit C/C++ Optimizing Compiler Version 15.00.30729.01 for 80x86
1>Copyright (C) Microsoft Corporation.  All rights reserved.
1>cl /Od /I "C:\Program Files (x86)\Microsoft DirectX SDK (August 2009)\Include" /D "WIN32" /D "_WINDOWS" /D "_DEBUG" /D "CMAKE_INTDIR=\"Debug\"" /D "_MBCS" /FD /RTC1 /MDd /Fo"cmTryCompileExec1089878676.dir\Debug\\" /Fd"D:\Sim_Devel\svn\openrails\Source\3rdPartyLibs\openal-soft\build\CMakeFiles\CMakeTmp\Debug/cmTryCompileExec1089878676.pdb" /W3 /c /Zi /TC ".\CheckSymbolExists.c"
1>CheckSymbolExists.c
1>.\CheckSymbolExists.c(8) : error C2065: 'isnan' : undeclared identifier
1>Build log was saved at "file://d:\Sim_Devel\svn\openrails\Source\3rdPartyLibs\openal-soft\build\CMakeFiles\CMakeTmp\cmTryCompileExec1089878676.dir\Debug\BuildLog.htm"
1>cmTryCompileExec1089878676 - 1 error(s), 0 warning(s)
========== Build: 0 succeeded, 1 failed, 0 up-to-date, 0 skipped ==========

File D:/Sim_Devel/svn/openrails/Source/3rdPartyLibs/openal-soft/build/CMakeFiles/CMakeTmp/CheckSymbolExists.c:
/* */
#include <math.h>

int main(int argc, char** argv)
{
  (void)argv;
#ifndef isnan
  return ((int*)(&isnan))[argc];
#else
  (void)argc;
  return 0;
#endif
}

Determining if the include file dlfcn.h exists failed with the following output:
Change Dir: D:/Sim_Devel/svn/openrails/Source/3rdPartyLibs/openal-soft/build/CMakeFiles/CMakeTmp

Run Build Command:C:\PROGRA~2\MICROS~2.0\Common7\IDE\VCExpress.exe CMAKE_TRY_COMPILE.sln /build Debug /project cmTryCompileExec1163094543

Microsoft (R) Visual C++ Express Edition Version 9.0.30729.1.
Copyright (C) Microsoft Corp 2007. All rights reserved.
1>------ Build started: Project: cmTryCompileExec1163094543, Configuration: Debug Win32 ------
1>Compiling...
1>Microsoft (R) 32-bit C/C++ Optimizing Compiler Version 15.00.30729.01 for 80x86
1>Copyright (C) Microsoft Corporation.  All rights reserved.
1>cl /Od /I "C:\Program Files (x86)\Microsoft DirectX SDK (August 2009)\Include" /D "WIN32" /D "_WINDOWS" /D "_DEBUG" /D "CMAKE_INTDIR=\"Debug\"" /D "_MBCS" /FD /RTC1 /MDd /Fo"cmTryCompileExec1163094543.dir\Debug\\" /Fd"D:\Sim_Devel\svn\openrails\Source\3rdPartyLibs\openal-soft\build\CMakeFiles\CMakeTmp\Debug/cmTryCompileExec1163094543.pdb" /W3 /c /Zi /TC ".\CheckIncludeFile.c"
1>CheckIncludeFile.c
1>.\CheckIncludeFile.c(1) : fatal error C1083: Cannot open include file: 'dlfcn.h': No such file or directory
1>Build log was saved at "file://d:\Sim_Devel\svn\openrails\Source\3rdPartyLibs\openal-soft\build\CMakeFiles\CMakeTmp\cmTryCompileExec1163094543.dir\Debug\BuildLog.htm"
1>cmTryCompileExec1163094543 - 1 error(s), 0 warning(s)
========== Build: 0 succeeded, 1 failed, 0 up-to-date, 0 skipped ==========


Determining if the include file arm_neon.h exists failed with the following output:
Change Dir: D:/Sim_Devel/svn/openrails/Source/3rdPartyLibs/openal-soft/build/CMakeFiles/CMakeTmp

Run Build Command:C:\PROGRA~2\MICROS~2.0\Common7\IDE\VCExpress.exe CMAKE_TRY_COMPILE.sln /build Debug /project cmTryCompileExec2098290136

Microsoft (R) Visual C++ Express Edition Version 9.0.30729.1.
Copyright (C) Microsoft Corp 2007. All rights reserved.
1>------ Build started: Project: cmTryCompileExec2098290136, Configuration: Debug Win32 ------
1>Compiling...
1>Microsoft (R) 32-bit C/C++ Optimizing Compiler Version 15.00.30729.01 for 80x86
1>Copyright (C) Microsoft Corporation.  All rights reserved.
1>cl /Od /I "C:\Program Files (x86)\Microsoft DirectX SDK (August 2009)\Include" /D "WIN32" /D "_WINDOWS" /D "_DEBUG" /D "CMAKE_INTDIR=\"Debug\"" /D "_MBCS" /FD /RTC1 /MDd /Fo"cmTryCompileExec2098290136.dir\Debug\\" /Fd"D:\Sim_Devel\svn\openrails\Source\3rdPartyLibs\openal-soft\build\CMakeFiles\CMakeTmp\Debug/cmTryCompileExec2098290136.pdb" /W3 /c /Zi /TC ".\CheckIncludeFile.c"
1>CheckIncludeFile.c
1>.\CheckIncludeFile.c(1) : fatal error C1083: Cannot open include file: 'arm_neon.h': No such file or directory
1>Build log was saved at "file://d:\Sim_Devel\svn\openrails\Source\3rdPartyLibs\openal-soft\build\CMakeFiles\CMakeTmp\cmTryCompileExec2098290136.dir\Debug\BuildLog.htm"
1>cmTryCompileExec2098290136 - 1 error(s), 0 warning(s)
========== Build: 0 succeeded, 1 failed, 0 up-to-date, 0 skipped ==========


Determining if the include file alsa/asoundlib.h exists failed with the following output:
Change Dir: D:/Sim_Devel/svn/openrails/Source/3rdPartyLibs/openal-soft/build/CMakeFiles/CMakeTmp

Run Build Command:C:\PROGRA~2\MICROS~2.0\Common7\IDE\VCExpress.exe CMAKE_TRY_COMPILE.sln /build Debug /project cmTryCompileExec2197538272

Microsoft (R) Visual C++ Express Edition Version 9.0.30729.1.
Copyright (C) Microsoft Corp 2007. All rights reserved.
1>------ Build started: Project: cmTryCompileExec2197538272, Configuration: Debug Win32 ------
1>Compiling...
1>Microsoft (R) 32-bit C/C++ Optimizing Compiler Version 15.00.30729.01 for 80x86
1>Copyright (C) Microsoft Corporation.  All rights reserved.
1>cl /Od /I "C:\Program Files (x86)\Microsoft DirectX SDK (August 2009)\Include" /D "WIN32" /D "_WINDOWS" /D "_DEBUG" /D "CMAKE_INTDIR=\"Debug\"" /D "_MBCS" /FD /RTC1 /MDd /Fo"cmTryCompileExec2197538272.dir\Debug\\" /Fd"D:\Sim_Devel\svn\openrails\Source\3rdPartyLibs\openal-soft\build\CMakeFiles\CMakeTmp\Debug/cmTryCompileExec2197538272.pdb" /W3 /c /Zi /TC ".\CheckIncludeFile.c"
1>CheckIncludeFile.c
1>.\CheckIncludeFile.c(1) : fatal error C1083: Cannot open include file: 'alsa/asoundlib.h': No such file or directory
1>Build log was saved at "file://d:\Sim_Devel\svn\openrails\Source\3rdPartyLibs\openal-soft\build\CMakeFiles\CMakeTmp\cmTryCompileExec2197538272.dir\Debug\BuildLog.htm"
1>cmTryCompileExec2197538272 - 1 error(s), 0 warning(s)
========== Build: 0 succeeded, 1 failed, 0 up-to-date, 0 skipped ==========


Determining if the include file sys/soundcard.h exists failed with the following output:
Change Dir: D:/Sim_Devel/svn/openrails/Source/3rdPartyLibs/openal-soft/build/CMakeFiles/CMakeTmp

Run Build Command:C:\PROGRA~2\MICROS~2.0\Common7\IDE\VCExpress.exe CMAKE_TRY_COMPILE.sln /build Debug /project cmTryCompileExec3219473574

Microsoft (R) Visual C++ Express Edition Version 9.0.30729.1.
Copyright (C) Microsoft Corp 2007. All rights reserved.
1>------ Build started: Project: cmTryCompileExec3219473574, Configuration: Debug Win32 ------
1>Compiling...
1>Microsoft (R) 32-bit C/C++ Optimizing Compiler Version 15.00.30729.01 for 80x86
1>Copyright (C) Microsoft Corporation.  All rights reserved.
1>cl /Od /I "C:\Program Files (x86)\Microsoft DirectX SDK (August 2009)\Include" /D "WIN32" /D "_WINDOWS" /D "_DEBUG" /D "CMAKE_INTDIR=\"Debug\"" /D "_MBCS" /FD /RTC1 /MDd /Fo"cmTryCompileExec3219473574.dir\Debug\\" /Fd"D:\Sim_Devel\svn\openrails\Source\3rdPartyLibs\openal-soft\build\CMakeFiles\CMakeTmp\Debug/cmTryCompileExec3219473574.pdb" /W3 /c /Zi /TC ".\CheckIncludeFile.c"
1>CheckIncludeFile.c
1>.\CheckIncludeFile.c(1) : fatal error C1083: Cannot open include file: 'sys/soundcard.h': No such file or directory
1>Build log was saved at "file://d:\Sim_Devel\svn\openrails\Source\3rdPartyLibs\openal-soft\build\CMakeFiles\CMakeTmp\cmTryCompileExec3219473574.dir\Debug\BuildLog.htm"
1>cmTryCompileExec3219473574 - 1 error(s), 0 warning(s)
========== Build: 0 succeeded, 1 failed, 0 up-to-date, 0 skipped ==========


Determining if the include file sys/audioio.h exists failed with the following output:
Change Dir: D:/Sim_Devel/svn/openrails/Source/3rdPartyLibs/openal-soft/build/CMakeFiles/CMakeTmp

Run Build Command:C:\PROGRA~2\MICROS~2.0\Common7\IDE\VCExpress.exe CMAKE_TRY_COMPILE.sln /build Debug /project cmTryCompileExec1549632554

Microsoft (R) Visual C++ Express Edition Version 9.0.30729.1.
Copyright (C) Microsoft Corp 2007. All rights reserved.
1>------ Build started: Project: cmTryCompileExec1549632554, Configuration: Debug Win32 ------
1>Compiling...
1>Microsoft (R) 32-bit C/C++ Optimizing Compiler Version 15.00.30729.01 for 80x86
1>Copyright (C) Microsoft Corporation.  All rights reserved.
1>cl /Od /I "C:\Program Files (x86)\Microsoft DirectX SDK (August 2009)\Include" /D "WIN32" /D "_WINDOWS" /D "_DEBUG" /D "CMAKE_INTDIR=\"Debug\"" /D "_MBCS" /FD /RTC1 /MDd /Fo"cmTryCompileExec1549632554.dir\Debug\\" /Fd"D:\Sim_Devel\svn\openrails\Source\3rdPartyLibs\openal-soft\build\CMakeFiles\CMakeTmp\Debug/cmTryCompileExec1549632554.pdb" /W3 /c /Zi /TC ".\CheckIncludeFile.c"
1>CheckIncludeFile.c
1>.\CheckIncludeFile.c(1) : fatal error C1083: Cannot open include file: 'sys/audioio.h': No such file or directory
1>Build log was saved at "file://d:\Sim_Devel\svn\openrails\Source\3rdPartyLibs\openal-soft\build\CMakeFiles\CMakeTmp\cmTryCompileExec1549632554.dir\Debug\BuildLog.htm"
1>cmTryCompileExec1549632554 - 1 error(s), 0 warning(s)
========== Build: 0 succeeded, 1 failed, 0 up-to-date, 0 skipped ==========


Determining if the include file sndio.h exists failed with the following output:
Change Dir: D:/Sim_Devel/svn/openrails/Source/3rdPartyLibs/openal-soft/build/CMakeFiles/CMakeTmp

Run Build Command:C:\PROGRA~2\MICROS~2.0\Common7\IDE\VCExpress.exe CMAKE_TRY_COMPILE.sln /build Debug /project cmTryCompileExec2090845516

Microsoft (R) Visual C++ Express Edition Version 9.0.30729.1.
Copyright (C) Microsoft Corp 2007. All rights reserved.
1>------ Build started: Project: cmTryCompileExec2090845516, Configuration: Debug Win32 ------
1>Compiling...
1>Microsoft (R) 32-bit C/C++ Optimizing Compiler Version 15.00.30729.01 for 80x86
1>Copyright (C) Microsoft Corporation.  All rights reserved.
1>cl /Od /I "C:\Program Files (x86)\Microsoft DirectX SDK (August 2009)\Include" /D "WIN32" /D "_WINDOWS" /D "_DEBUG" /D "CMAKE_INTDIR=\"Debug\"" /D "_MBCS" /FD /RTC1 /MDd /Fo"cmTryCompileExec2090845516.dir\Debug\\" /Fd"D:\Sim_Devel\svn\openrails\Source\3rdPartyLibs\openal-soft\build\CMakeFiles\CMakeTmp\Debug/cmTryCompileExec2090845516.pdb" /W3 /c /Zi /TC ".\CheckIncludeFile.c"
1>CheckIncludeFile.c
1>.\CheckIncludeFile.c(1) : fatal error C1083: Cannot open include file: 'sndio.h': No such file or directory
1>Build log was saved at "file://d:\Sim_Devel\svn\openrails\Source\3rdPartyLibs\openal-soft\build\CMakeFiles\CMakeTmp\cmTryCompileExec2090845516.dir\Debug\BuildLog.htm"
1>cmTryCompileExec2090845516 - 1 error(s), 0 warning(s)
========== Build: 0 succeeded, 1 failed, 0 up-to-date, 0 skipped ==========


Determining if the DirectSoundCreate exist in dsound failed with the following output:
Change Dir: D:/Sim_Devel/svn/openrails/Source/3rdPartyLibs/openal-soft/build/CMakeFiles/CMakeTmp

Run Build Command:C:\PROGRA~2\MICROS~2.0\Common7\IDE\VCExpress.exe CMAKE_TRY_COMPILE.sln /build Debug /project cmTryCompileExec2049757053

Microsoft (R) Visual C++ Express Edition Version 9.0.30729.1.
Copyright (C) Microsoft Corp 2007. All rights reserved.
1>------ Build started: Project: cmTryCompileExec2049757053, Configuration: Debug Win32 ------
1>Compiling...
1>Microsoft (R) 32-bit C/C++ Optimizing Compiler Version 15.00.30729.01 for 80x86
1>Copyright (C) Microsoft Corporation.  All rights reserved.
1>cl /Od /I "C:\Program Files (x86)\Microsoft DirectX SDK (August 2009)\Include" /D "WIN32" /D "_WINDOWS" /D "_DEBUG" /D "CMAKE_INTDIR=\"Debug\"" /D "_MBCS" /FD /RTC1 /MDd /Fo"cmTryCompileExec2049757053.dir\Debug\\" /Fd"D:\Sim_Devel\svn\openrails\Source\3rdPartyLibs\openal-soft\build\CMakeFiles\CMakeTmp\Debug/cmTryCompileExec2049757053.pdb" /W3 /c /Zi /TC ".\CheckSymbolExists.c"
1>CheckSymbolExists.c
1>Compiling manifest to resources...
1>Microsoft (R) Windows (R) Resource Compiler Version 6.1.6723.1
1>Copyright (C) Microsoft Corporation.  All rights reserved.
1>Linking...
1>LINK : fatal error LNK1104: cannot open file 'dsound.lib'
1>Build log was saved at "file://d:\Sim_Devel\svn\openrails\Source\3rdPartyLibs\openal-soft\build\CMakeFiles\CMakeTmp\cmTryCompileExec2049757053.dir\Debug\BuildLog.htm"
1>cmTryCompileExec2049757053 - 1 error(s), 0 warning(s)
========== Build: 0 succeeded, 1 failed, 0 up-to-date, 0 skipped ==========

File D:/Sim_Devel/svn/openrails/Source/3rdPartyLibs/openal-soft/build/CMakeFiles/CMakeTmp/CheckSymbolExists.c:
/* */
#include <dsound.h>

void cmakeRequireSymbol(int dummy,...){(void)dummy;}
int main()
{
  cmakeRequireSymbol(0,&DirectSoundCreate);
  return 0;
}

Determining if the include file portaudio.h exists failed with the following output:
Change Dir: D:/Sim_Devel/svn/openrails/Source/3rdPartyLibs/openal-soft/build/CMakeFiles/CMakeTmp

Run Build Command:C:\PROGRA~2\MICROS~2.0\Common7\IDE\VCExpress.exe CMAKE_TRY_COMPILE.sln /build Debug /project cmTryCompileExec998035301

Microsoft (R) Visual C++ Express Edition Version 9.0.30729.1.
Copyright (C) Microsoft Corp 2007. All rights reserved.
1>------ Build started: Project: cmTryCompileExec998035301, Configuration: Debug Win32 ------
1>Compiling...
1>Microsoft (R) 32-bit C/C++ Optimizing Compiler Version 15.00.30729.01 for 80x86
1>Copyright (C) Microsoft Corporation.  All rights reserved.
1>cl /Od /I "C:\Program Files (x86)\Microsoft DirectX SDK (August 2009)\Include" /D "WIN32" /D "_WINDOWS" /D "_DEBUG" /D "CMAKE_INTDIR=\"Debug\"" /D "_MBCS" /FD /RTC1 /MDd /Fo"cmTryCompileExec998035301.dir\Debug\\" /Fd"D:\Sim_Devel\svn\openrails\Source\3rdPartyLibs\openal-soft\build\CMakeFiles\CMakeTmp\Debug/cmTryCompileExec998035301.pdb" /W3 /c /Zi /TC ".\CheckIncludeFile.c"
1>CheckIncludeFile.c
1>.\CheckIncludeFile.c(1) : fatal error C1083: Cannot open include file: 'portaudio.h': No such file or directory
1>Build log was saved at "file://d:\Sim_Devel\svn\openrails\Source\3rdPartyLibs\openal-soft\build\CMakeFiles\CMakeTmp\cmTryCompileExec998035301.dir\Debug\BuildLog.htm"
1>cmTryCompileExec998035301 - 1 error(s), 0 warning(s)
========== Build: 0 succeeded, 1 failed, 0 up-to-date, 0 skipped ==========


Determining if the include file pulse/pulseaudio.h exists failed with the following output:
Change Dir: D:/Sim_Devel/svn/openrails/Source/3rdPartyLibs/openal-soft/build/CMakeFiles/CMakeTmp

Run Build Command:C:\PROGRA~2\MICROS~2.0\Common7\IDE\VCExpress.exe CMAKE_TRY_COMPILE.sln /build Debug /project cmTryCompileExec464455539

Microsoft (R) Visual C++ Express Edition Version 9.0.30729.1.
Copyright (C) Microsoft Corp 2007. All rights reserved.
1>------ Build started: Project: cmTryCompileExec464455539, Configuration: Debug Win32 ------
1>Compiling...
1>Microsoft (R) 32-bit C/C++ Optimizing Compiler Version 15.00.30729.01 for 80x86
1>Copyright (C) Microsoft Corporation.  All rights reserved.
1>cl /Od /I "C:\Program Files (x86)\Microsoft DirectX SDK (August 2009)\Include" /D "WIN32" /D "_WINDOWS" /D "_DEBUG" /D "CMAKE_INTDIR=\"Debug\"" /D "_MBCS" /FD /RTC1 /MDd /Fo"cmTryCompileExec464455539.dir\Debug\\" /Fd"D:\Sim_Devel\svn\openrails\Source\3rdPartyLibs\openal-soft\build\CMakeFiles\CMakeTmp\Debug/cmTryCompileExec464455539.pdb" /W3 /c /Zi /TC ".\CheckIncludeFile.c"
1>CheckIncludeFile.c
1>.\CheckIncludeFile.c(1) : fatal error C1083: Cannot open include file: 'pulse/pulseaudio.h': No such file or directory
1>Build log was saved at "file://d:\Sim_Devel\svn\openrails\Source\3rdPartyLibs\openal-soft\build\CMakeFiles\CMakeTmp\cmTryCompileExec464455539.dir\Debug\BuildLog.htm"
1>cmTryCompileExec464455539 - 1 error(s), 0 warning(s)
========== Build: 0 succeeded, 1 failed, 0 up-to-date, 0 skipped ==========


Determining if the include file /System/Library/Frameworks/CoreAudio.framework/Headers/CoreAudio.h exists failed with the following output:
Change Dir: D:/Sim_Devel/svn/openrails/Source/3rdPartyLibs/openal-soft/build/CMakeFiles/CMakeTmp

Run Build Command:C:\PROGRA~2\MICROS~2.0\Common7\IDE\VCExpress.exe CMAKE_TRY_COMPILE.sln /build Debug /project cmTryCompileExec768551256

Microsoft (R) Visual C++ Express Edition Version 9.0.30729.1.
Copyright (C) Microsoft Corp 2007. All rights reserved.
1>------ Build started: Project: cmTryCompileExec768551256, Configuration: Debug Win32 ------
1>Compiling...
1>Microsoft (R) 32-bit C/C++ Optimizing Compiler Version 15.00.30729.01 for 80x86
1>Copyright (C) Microsoft Corporation.  All rights reserved.
1>cl /Od /I "C:\Program Files (x86)\Microsoft DirectX SDK (August 2009)\Include" /D "WIN32" /D "_WINDOWS" /D "_DEBUG" /D "CMAKE_INTDIR=\"Debug\"" /D "_MBCS" /FD /RTC1 /MDd /Fo"cmTryCompileExec768551256.dir\Debug\\" /Fd"D:\Sim_Devel\svn\openrails\Source\3rdPartyLibs\openal-soft\build\CMakeFiles\CMakeTmp\Debug/cmTryCompileExec768551256.pdb" /W3 /c /Zi /TC ".\CheckIncludeFile.c"
1>CheckIncludeFile.c
1>.\CheckIncludeFile.c(1) : fatal error C1083: Cannot open include file: '/System/Library/Frameworks/CoreAudio.framework/Headers/CoreAudio.h': No such file or directory
1>Build log was saved at "file://d:\Sim_Devel\svn\openrails\Source\3rdPartyLibs\openal-soft\build\CMakeFiles\CMakeTmp\cmTryCompileExec768551256.dir\Debug\BuildLog.htm"
1>cmTryCompileExec768551256 - 1 error(s), 0 warning(s)
========== Build: 0 succeeded, 1 failed, 0 up-to-date, 0 skipped ==========


Determining if files SLES/OpenSLES.h;SLES/OpenSLES_Android.h exist failed with the following output:
Change Dir: D:/Sim_Devel/svn/openrails/Source/3rdPartyLibs/openal-soft/build/CMakeFiles/CMakeTmp

Run Build Command:C:\PROGRA~2\MICROS~2.0\Common7\IDE\VCExpress.exe CMAKE_TRY_COMPILE.sln /build Debug /project cmTryCompileExec1348425168

Microsoft (R) Visual C++ Express Edition Version 9.0.30729.1.
Copyright (C) Microsoft Corp 2007. All rights reserved.
1>------ Build started: Project: cmTryCompileExec1348425168, Configuration: Debug Win32 ------
1>Compiling...
1>Microsoft (R) 32-bit C/C++ Optimizing Compiler Version 15.00.30729.01 for 80x86
1>Copyright (C) Microsoft Corporation.  All rights reserved.
1>cl /Od /I "C:\Program Files (x86)\Microsoft DirectX SDK (August 2009)\Include" /D "WIN32" /D "_WINDOWS" /D "_DEBUG" /D "CMAKE_INTDIR=\"Debug\"" /D "_MBCS" /FD /RTC1 /MDd /Fo"cmTryCompileExec1348425168.dir\Debug\\" /Fd"D:\Sim_Devel\svn\openrails\Source\3rdPartyLibs\openal-soft\build\CMakeFiles\CMakeTmp\Debug/cmTryCompileExec1348425168.pdb" /W3 /c /Zi /TC ".\CheckIncludeFiles.c"
1>CheckIncludeFiles.c
1>.\CheckIncludeFiles.c(2) : fatal error C1083: Cannot open include file: 'SLES/OpenSLES.h': No such file or directory
1>Build log was saved at "file://d:\Sim_Devel\svn\openrails\Source\3rdPartyLibs\openal-soft\build\CMakeFiles\CMakeTmp\cmTryCompileExec1348425168.dir\Debug\BuildLog.htm"
1>cmTryCompileExec1348425168 - 1 error(s), 0 warning(s)
========== Build: 0 succeeded, 1 failed, 0 up-to-date, 0 skipped ==========

Source:
/* */
#include <SLES/OpenSLES.h>
#include <SLES/OpenSLES_Android.h>


int main(){return 0;}

